<?xml version="1.0" encoding="UTF-8"?>
<testsuites name="jest tests" tests="4" failures="4" errors="0" time="7.57">
  <testsuite name="Basic CRUD tests" errors="0" failures="4" skipped="0" timestamp="2022-02-14T23:01:40" time="6.769" tests="4">
    <testcase classname="Basic CRUD tests InsertOne" name="Basic CRUD tests InsertOne" time="0.011">
      <failure>Error: Timeout - Async callback was not invoked within the 5000ms timeout specified by jest.setTimeout.
    at mapper (/Users/guyharrison/git/provendb-cs-tests/node_modules/jest-jasmine2/build/queue_runner.js:41:52)
    at /Users/guyharrison/git/provendb-cs-tests/node_modules/jest-jasmine2/build/queue_runner.js:87:41</failure>
      <failure>TypeError: Cannot read properties of undefined (reading &apos;collection&apos;)
    at Object.&lt;anonymous&gt; (/Users/guyharrison/git/provendb-cs-tests/tests/01Crud.test.js:45:39)
    at Object.asyncJestTest (/Users/guyharrison/git/provendb-cs-tests/node_modules/jest-jasmine2/build/jasmine_async.js:108:37)
    at /Users/guyharrison/git/provendb-cs-tests/node_modules/jest-jasmine2/build/queue_runner.js:56:12
    at new Promise (&lt;anonymous&gt;)
    at mapper (/Users/guyharrison/git/provendb-cs-tests/node_modules/jest-jasmine2/build/queue_runner.js:43:19)
    at /Users/guyharrison/git/provendb-cs-tests/node_modules/jest-jasmine2/build/queue_runner.js:87:41</failure>
    </testcase>
    <testcase classname="Basic CRUD tests UpdateMany" name="Basic CRUD tests UpdateMany" time="1.008">
      <failure>Error: Timeout - Async callback was not invoked within the 5000ms timeout specified by jest.setTimeout.
    at mapper (/Users/guyharrison/git/provendb-cs-tests/node_modules/jest-jasmine2/build/queue_runner.js:41:52)
    at /Users/guyharrison/git/provendb-cs-tests/node_modules/jest-jasmine2/build/queue_runner.js:87:41</failure>
      <failure>TypeError: Cannot read properties of undefined (reading &apos;collection&apos;)
    at Object.&lt;anonymous&gt; (/Users/guyharrison/git/provendb-cs-tests/tests/01Crud.test.js:74:39)
    at runNextTicks (node:internal/process/task_queues:61:5)
    at listOnTimeout (node:internal/timers:528:9)
    at processTimers (node:internal/timers:502:7)</failure>
    </testcase>
    <testcase classname="Basic CRUD tests UpdateOne" name="Basic CRUD tests UpdateOne" time="0.003">
      <failure>Error: Timeout - Async callback was not invoked within the 5000ms timeout specified by jest.setTimeout.
    at mapper (/Users/guyharrison/git/provendb-cs-tests/node_modules/jest-jasmine2/build/queue_runner.js:41:52)
    at /Users/guyharrison/git/provendb-cs-tests/node_modules/jest-jasmine2/build/queue_runner.js:87:41</failure>
      <failure>TypeError: Cannot read properties of undefined (reading &apos;collection&apos;)
    at Object.&lt;anonymous&gt; (/Users/guyharrison/git/provendb-cs-tests/tests/01Crud.test.js:163:39)
    at Object.asyncJestTest (/Users/guyharrison/git/provendb-cs-tests/node_modules/jest-jasmine2/build/jasmine_async.js:108:37)
    at /Users/guyharrison/git/provendb-cs-tests/node_modules/jest-jasmine2/build/queue_runner.js:56:12
    at new Promise (&lt;anonymous&gt;)
    at mapper (/Users/guyharrison/git/provendb-cs-tests/node_modules/jest-jasmine2/build/queue_runner.js:43:19)
    at /Users/guyharrison/git/provendb-cs-tests/node_modules/jest-jasmine2/build/queue_runner.js:87:41
    at runNextTicks (node:internal/process/task_queues:61:5)
    at listOnTimeout (node:internal/timers:528:9)
    at processTimers (node:internal/timers:502:7)</failure>
    </testcase>
    <testcase classname="Basic CRUD tests simpleDelete" name="Basic CRUD tests simpleDelete" time="0.002">
      <failure>Error: Timeout - Async callback was not invoked within the 5000ms timeout specified by jest.setTimeout.
    at mapper (/Users/guyharrison/git/provendb-cs-tests/node_modules/jest-jasmine2/build/queue_runner.js:41:52)
    at /Users/guyharrison/git/provendb-cs-tests/node_modules/jest-jasmine2/build/queue_runner.js:87:41</failure>
      <failure>TypeError: Cannot read properties of undefined (reading &apos;collection&apos;)
    at Object.&lt;anonymous&gt; (/Users/guyharrison/git/provendb-cs-tests/tests/01Crud.test.js:201:39)
    at Object.asyncJestTest (/Users/guyharrison/git/provendb-cs-tests/node_modules/jest-jasmine2/build/jasmine_async.js:108:37)
    at /Users/guyharrison/git/provendb-cs-tests/node_modules/jest-jasmine2/build/queue_runner.js:56:12
    at new Promise (&lt;anonymous&gt;)
    at mapper (/Users/guyharrison/git/provendb-cs-tests/node_modules/jest-jasmine2/build/queue_runner.js:43:19)
    at /Users/guyharrison/git/provendb-cs-tests/node_modules/jest-jasmine2/build/queue_runner.js:87:41
    at runNextTicks (node:internal/process/task_queues:61:5)
    at listOnTimeout (node:internal/timers:528:9)
    at processTimers (node:internal/timers:502:7)</failure>
    </testcase>
  </testsuite>
</testsuites>